<?xml version="1.0" encoding="UTF-8"?>
<testsuite xmlns:xsi="http://www.w3.org/2001/XMLSchema-instance" xsi:noNamespaceSchemaLocation="https://maven.apache.org/surefire/maven-surefire-plugin/xsd/surefire-test-report.xsd" name="cucumber.options.TestRunner" time="11.253" tests="2" errors="0" skipped="0" failures="0">
  <properties>
[...]
</properties>
  <testcase name="Create a User in syncplicity" classname="Validating Syncplicity APIs" time="8.356"/>
  <testcase name="Add a syncpoint into OFB" classname="Validating Syncplicity APIs" time="2.045"/>
</testsuite>